  Input.cpp
e:\semester 3\programing\phase1 - code\gui\input.cpp(54): error C2059: syntax error: '.'
e:\semester 3\programing\phase1 - code\gui\input.cpp(56): error C2143: syntax error: missing ';' before '{'
e:\semester 3\programing\phase1 - code\gui\input.cpp(57): error C2046: illegal case
e:\semester 3\programing\phase1 - code\gui\input.cpp(58): error C2046: illegal case
e:\semester 3\programing\phase1 - code\gui\input.cpp(59): error C2046: illegal case
e:\semester 3\programing\phase1 - code\gui\input.cpp(60): error C2046: illegal case
e:\semester 3\programing\phase1 - code\gui\input.cpp(61): error C2046: illegal case
e:\semester 3\programing\phase1 - code\gui\input.cpp(62): error C2046: illegal case
e:\semester 3\programing\phase1 - code\gui\input.cpp(63): error C2046: illegal case
e:\semester 3\programing\phase1 - code\gui\input.cpp(64): error C2046: illegal case
e:\semester 3\programing\phase1 - code\gui\input.cpp(65): error C2046: illegal case
e:\semester 3\programing\phase1 - code\gui\input.cpp(66): error C2046: illegal case
e:\semester 3\programing\phase1 - code\gui\input.cpp(67): error C2046: illegal case
e:\semester 3\programing\phase1 - code\gui\input.cpp(68): error C2046: illegal case
e:\semester 3\programing\phase1 - code\gui\input.cpp(69): error C2046: illegal case
e:\semester 3\programing\phase1 - code\gui\input.cpp(70): error C2046: illegal case
e:\semester 3\programing\phase1 - code\gui\input.cpp(71): error C2046: illegal case
e:\semester 3\programing\phase1 - code\gui\input.cpp(72): error C2046: illegal case
e:\semester 3\programing\phase1 - code\gui\input.cpp(94): error C2046: illegal case
e:\semester 3\programing\phase1 - code\gui\input.cpp(95): error C2046: illegal case
e:\semester 3\programing\phase1 - code\gui\input.cpp(97): error C2047: illegal default
